{"D:\\Binar-Academy\\BEJ\\platinum\\main.js": {"path":"D:\\Binar-Academy\\BEJ\\platinum\\main.js","statementMap":{"0":{"start":{"line":1,"column":0},"end":{"line":1,"column":27}},"1":{"start":{"line":2,"column":16},"end":{"line":2,"column":34}},"2":{"start":{"line":3,"column":15},"end":{"line":3,"column":32}},"3":{"start":{"line":4,"column":15},"end":{"line":4,"column":40}},"4":{"start":{"line":5,"column":12},"end":{"line":5,"column":21}},"5":{"start":{"line":6,"column":17},"end":{"line":6,"column":49}},"6":{"start":{"line":7,"column":15},"end":{"line":7,"column":41}},"7":{"start":{"line":8,"column":19},"end":{"line":8,"column":59}},"8":{"start":{"line":10,"column":0},"end":{"line":10,"column":25}},"9":{"start":{"line":11,"column":0},"end":{"line":11,"column":24}},"10":{"start":{"line":12,"column":0},"end":{"line":12,"column":31}},"11":{"start":{"line":14,"column":15},"end":{"line":14,"column":32}},"12":{"start":{"line":16,"column":16},"end":{"line":25,"column":2}},"13":{"start":{"line":18,"column":4},"end":{"line":18,"column":37}},"14":{"start":{"line":19,"column":4},"end":{"line":19,"column":26}},"15":{"start":{"line":22,"column":4},"end":{"line":22,"column":34}},"16":{"start":{"line":23,"column":4},"end":{"line":23,"column":32}},"17":{"start":{"line":27,"column":25},"end":{"line":38,"column":2}},"18":{"start":{"line":31,"column":4},"end":{"line":31,"column":36}},"19":{"start":{"line":32,"column":4},"end":{"line":36,"column":5}},"20":{"start":{"line":33,"column":6},"end":{"line":33,"column":28}},"21":{"start":{"line":35,"column":6},"end":{"line":35,"column":63}},"22":{"start":{"line":40,"column":0},"end":{"line":43,"column":3}},"23":{"start":{"line":41,"column":16},"end":{"line":41,"column":40}},"24":{"start":{"line":42,"column":2},"end":{"line":42,"column":24}},"25":{"start":{"line":45,"column":0},"end":{"line":53,"column":2}},"26":{"start":{"line":50,"column":4},"end":{"line":50,"column":33}},"27":{"start":{"line":51,"column":4},"end":{"line":51,"column":27}},"28":{"start":{"line":55,"column":0},"end":{"line":55,"column":27}},"29":{"start":{"line":57,"column":0},"end":{"line":60,"column":3}},"30":{"start":{"line":58,"column":2},"end":{"line":58,"column":28}},"31":{"start":{"line":59,"column":2},"end":{"line":59,"column":56}},"32":{"start":{"line":62,"column":0},"end":{"line":62,"column":21}}},"fnMap":{"0":{"name":"(anonymous_0)","decl":{"start":{"line":17,"column":15},"end":{"line":17,"column":16}},"loc":{"start":{"line":17,"column":40},"end":{"line":20,"column":3}},"line":17},"1":{"name":"(anonymous_1)","decl":{"start":{"line":21,"column":12},"end":{"line":21,"column":13}},"loc":{"start":{"line":21,"column":37},"end":{"line":24,"column":3}},"line":21},"2":{"name":"(anonymous_2)","decl":{"start":{"line":30,"column":14},"end":{"line":30,"column":15}},"loc":{"start":{"line":30,"column":39},"end":{"line":37,"column":3}},"line":30},"3":{"name":"(anonymous_3)","decl":{"start":{"line":40,"column":13},"end":{"line":40,"column":14}},"loc":{"start":{"line":40,"column":27},"end":{"line":43,"column":1}},"line":40},"4":{"name":"(anonymous_4)","decl":{"start":{"line":49,"column":2},"end":{"line":49,"column":3}},"loc":{"start":{"line":49,"column":16},"end":{"line":52,"column":3}},"line":49},"5":{"name":"(anonymous_5)","decl":{"start":{"line":57,"column":8},"end":{"line":57,"column":9}},"loc":{"start":{"line":57,"column":33},"end":{"line":60,"column":1}},"line":57}},"branchMap":{"0":{"loc":{"start":{"line":32,"column":4},"end":{"line":36,"column":5}},"type":"if","locations":[{"start":{"line":32,"column":4},"end":{"line":36,"column":5}},{"start":{"line":34,"column":11},"end":{"line":36,"column":5}}],"line":32},"1":{"loc":{"start":{"line":32,"column":8},"end":{"line":32,"column":70}},"type":"binary-expr","locations":[{"start":{"line":32,"column":8},"end":{"line":32,"column":37}},{"start":{"line":32,"column":41},"end":{"line":32,"column":70}}],"line":32}},"s":{"0":1,"1":1,"2":1,"3":1,"4":1,"5":1,"6":1,"7":1,"8":1,"9":1,"10":1,"11":1,"12":1,"13":0,"14":0,"15":0,"16":0,"17":1,"18":0,"19":0,"20":0,"21":0,"22":1,"23":0,"24":0,"25":1,"26":1,"27":1,"28":1,"29":1,"30":0,"31":0,"32":1},"f":{"0":0,"1":0,"2":0,"3":0,"4":1,"5":0},"b":{"0":[0,0],"1":[0,0]},"_coverageSchema":"1a1c01bbd47fc00a2c39e90264f33305004495a9","hash":"c21967eb24d357930bed51603cc5617455068a93"}
,"D:\\Binar-Academy\\BEJ\\platinum\\controller\\authController.js": {"path":"D:\\Binar-Academy\\BEJ\\platinum\\controller\\authController.js","statementMap":{"0":{"start":{"line":1,"column":17},"end":{"line":1,"column":37}},"1":{"start":{"line":2,"column":32},"end":{"line":2,"column":52}},"2":{"start":{"line":8,"column":4},"end":{"line":8,"column":39}},"3":{"start":{"line":9,"column":25},"end":{"line":9,"column":46}},"4":{"start":{"line":10,"column":15},"end":{"line":10,"column":42}},"5":{"start":{"line":11,"column":26},"end":{"line":11,"column":58}},"6":{"start":{"line":25,"column":8},"end":{"line":25,"column":16}},"7":{"start":{"line":27,"column":4},"end":{"line":82,"column":5}},"8":{"start":{"line":28,"column":6},"end":{"line":30,"column":7}},"9":{"start":{"line":29,"column":8},"end":{"line":29,"column":57}},"10":{"start":{"line":32,"column":28},"end":{"line":32,"column":75}},"11":{"start":{"line":33,"column":34},"end":{"line":35,"column":8}},"12":{"start":{"line":37,"column":6},"end":{"line":39,"column":7}},"13":{"start":{"line":38,"column":8},"end":{"line":38,"column":56}},"14":{"start":{"line":41,"column":19},"end":{"line":51,"column":8}},"15":{"start":{"line":53,"column":19},"end":{"line":62,"column":7}},"16":{"start":{"line":64,"column":6},"end":{"line":64,"column":39}},"17":{"start":{"line":65,"column":6},"end":{"line":70,"column":8}},"18":{"start":{"line":72,"column":6},"end":{"line":72,"column":34}},"19":{"start":{"line":73,"column":6},"end":{"line":81,"column":7}},"20":{"start":{"line":74,"column":23},"end":{"line":77,"column":11}},"21":{"start":{"line":74,"column":52},"end":{"line":77,"column":9}},"22":{"start":{"line":78,"column":8},"end":{"line":78,"column":70}},"23":{"start":{"line":80,"column":8},"end":{"line":80,"column":55}},"24":{"start":{"line":86,"column":32},"end":{"line":86,"column":40}},"25":{"start":{"line":88,"column":4},"end":{"line":123,"column":5}},"26":{"start":{"line":89,"column":19},"end":{"line":91,"column":8}},"27":{"start":{"line":93,"column":6},"end":{"line":95,"column":7}},"28":{"start":{"line":94,"column":8},"end":{"line":94,"column":53}},"29":{"start":{"line":97,"column":24},"end":{"line":97,"column":75}},"30":{"start":{"line":98,"column":6},"end":{"line":100,"column":7}},"31":{"start":{"line":99,"column":8},"end":{"line":99,"column":53}},"32":{"start":{"line":102,"column":21},"end":{"line":111,"column":7}},"33":{"start":{"line":112,"column":20},"end":{"line":112,"column":34}},"34":{"start":{"line":113,"column":6},"end":{"line":113,"column":36}},"35":{"start":{"line":114,"column":6},"end":{"line":119,"column":8}},"36":{"start":{"line":121,"column":6},"end":{"line":121,"column":34}},"37":{"start":{"line":122,"column":6},"end":{"line":122,"column":53}},"38":{"start":{"line":127,"column":4},"end":{"line":137,"column":5}},"39":{"start":{"line":128,"column":20},"end":{"line":128,"column":60}},"40":{"start":{"line":130,"column":6},"end":{"line":132,"column":7}},"41":{"start":{"line":131,"column":8},"end":{"line":131,"column":41}},"42":{"start":{"line":133,"column":6},"end":{"line":133,"column":20}},"43":{"start":{"line":135,"column":6},"end":{"line":135,"column":34}},"44":{"start":{"line":136,"column":6},"end":{"line":136,"column":53}},"45":{"start":{"line":139,"column":4},"end":{"line":139,"column":35}},"46":{"start":{"line":140,"column":4},"end":{"line":140,"column":61}},"47":{"start":{"line":144,"column":0},"end":{"line":144,"column":30}}},"fnMap":{"0":{"name":"(anonymous_0)","decl":{"start":{"line":14,"column":2},"end":{"line":14,"column":3}},"loc":{"start":{"line":14,"column":34},"end":{"line":83,"column":3}},"line":14},"1":{"name":"(anonymous_1)","decl":{"start":{"line":74,"column":40},"end":{"line":74,"column":41}},"loc":{"start":{"line":74,"column":52},"end":{"line":77,"column":9}},"line":74},"2":{"name":"(anonymous_2)","decl":{"start":{"line":85,"column":2},"end":{"line":85,"column":3}},"loc":{"start":{"line":85,"column":31},"end":{"line":124,"column":3}},"line":85},"3":{"name":"(anonymous_3)","decl":{"start":{"line":126,"column":2},"end":{"line":126,"column":3}},"loc":{"start":{"line":126,"column":32},"end":{"line":141,"column":3}},"line":126}},"branchMap":{"0":{"loc":{"start":{"line":28,"column":6},"end":{"line":30,"column":7}},"type":"if","locations":[{"start":{"line":28,"column":6},"end":{"line":30,"column":7}},{"start":{},"end":{}}],"line":28},"1":{"loc":{"start":{"line":37,"column":6},"end":{"line":39,"column":7}},"type":"if","locations":[{"start":{"line":37,"column":6},"end":{"line":39,"column":7}},{"start":{},"end":{}}],"line":37},"2":{"loc":{"start":{"line":37,"column":10},"end":{"line":37,"column":46}},"type":"binary-expr","locations":[{"start":{"line":37,"column":10},"end":{"line":37,"column":23}},{"start":{"line":37,"column":27},"end":{"line":37,"column":46}}],"line":37},"3":{"loc":{"start":{"line":73,"column":6},"end":{"line":81,"column":7}},"type":"if","locations":[{"start":{"line":73,"column":6},"end":{"line":81,"column":7}},{"start":{"line":79,"column":13},"end":{"line":81,"column":7}}],"line":73},"4":{"loc":{"start":{"line":93,"column":6},"end":{"line":95,"column":7}},"type":"if","locations":[{"start":{"line":93,"column":6},"end":{"line":95,"column":7}},{"start":{},"end":{}}],"line":93},"5":{"loc":{"start":{"line":98,"column":6},"end":{"line":100,"column":7}},"type":"if","locations":[{"start":{"line":98,"column":6},"end":{"line":100,"column":7}},{"start":{},"end":{}}],"line":98},"6":{"loc":{"start":{"line":130,"column":6},"end":{"line":132,"column":7}},"type":"if","locations":[{"start":{"line":130,"column":6},"end":{"line":132,"column":7}},{"start":{},"end":{}}],"line":130},"7":{"loc":{"start":{"line":130,"column":10},"end":{"line":130,"column":39}},"type":"binary-expr","locations":[{"start":{"line":130,"column":10},"end":{"line":130,"column":16}},{"start":{"line":130,"column":20},"end":{"line":130,"column":39}}],"line":130}},"s":{"0":1,"1":1,"2":1,"3":1,"4":1,"5":1,"6":0,"7":0,"8":0,"9":0,"10":0,"11":0,"12":0,"13":0,"14":0,"15":0,"16":0,"17":0,"18":0,"19":0,"20":0,"21":0,"22":0,"23":0,"24":0,"25":0,"26":0,"27":0,"28":0,"29":0,"30":0,"31":0,"32":0,"33":0,"34":0,"35":0,"36":0,"37":0,"38":0,"39":0,"40":0,"41":0,"42":0,"43":0,"44":0,"45":0,"46":0,"47":1},"f":{"0":0,"1":0,"2":0,"3":0},"b":{"0":[0,0],"1":[0,0],"2":[0,0],"3":[0,0],"4":[0,0],"5":[0,0],"6":[0,0],"7":[0,0]},"_coverageSchema":"1a1c01bbd47fc00a2c39e90264f33305004495a9","hash":"f6cfd849c553d896c10f40f09f1136fe737b362f"}
,"D:\\Binar-Academy\\BEJ\\platinum\\controller\\itemController.js": {"path":"D:\\Binar-Academy\\BEJ\\platinum\\controller\\itemController.js","statementMap":{"0":{"start":{"line":1,"column":17},"end":{"line":1,"column":37}},"1":{"start":{"line":2,"column":15},"end":{"line":2,"column":35}},"2":{"start":{"line":7,"column":4},"end":{"line":7,"column":39}},"3":{"start":{"line":8,"column":19},"end":{"line":16,"column":1}},"4":{"start":{"line":27,"column":8},"end":{"line":27,"column":17}},"5":{"start":{"line":29,"column":4},"end":{"line":76,"column":5}},"6":{"start":{"line":35,"column":20},"end":{"line":61,"column":8}},"7":{"start":{"line":63,"column":6},"end":{"line":65,"column":7}},"8":{"start":{"line":64,"column":8},"end":{"line":64,"column":29}},"9":{"start":{"line":66,"column":6},"end":{"line":66,"column":50}},"10":{"start":{"line":68,"column":6},"end":{"line":75,"column":7}},"11":{"start":{"line":70,"column":10},"end":{"line":70,"column":50}},"12":{"start":{"line":71,"column":10},"end":{"line":71,"column":16}},"13":{"start":{"line":73,"column":10},"end":{"line":73,"column":44}},"14":{"start":{"line":74,"column":10},"end":{"line":74,"column":16}},"15":{"start":{"line":80,"column":19},"end":{"line":80,"column":29}},"16":{"start":{"line":82,"column":4},"end":{"line":101,"column":5}},"17":{"start":{"line":83,"column":19},"end":{"line":86,"column":8}},"18":{"start":{"line":88,"column":6},"end":{"line":90,"column":7}},"19":{"start":{"line":89,"column":8},"end":{"line":89,"column":29}},"20":{"start":{"line":91,"column":6},"end":{"line":91,"column":49}},"21":{"start":{"line":93,"column":6},"end":{"line":100,"column":7}},"22":{"start":{"line":95,"column":10},"end":{"line":95,"column":50}},"23":{"start":{"line":96,"column":10},"end":{"line":96,"column":16}},"24":{"start":{"line":98,"column":10},"end":{"line":98,"column":44}},"25":{"start":{"line":99,"column":10},"end":{"line":99,"column":16}},"26":{"start":{"line":105,"column":65},"end":{"line":105,"column":73}},"27":{"start":{"line":106,"column":4},"end":{"line":114,"column":5}},"28":{"start":{"line":107,"column":19},"end":{"line":110,"column":7}},"29":{"start":{"line":111,"column":6},"end":{"line":111,"column":49}},"30":{"start":{"line":113,"column":6},"end":{"line":113,"column":70}},"31":{"start":{"line":118,"column":19},"end":{"line":118,"column":29}},"32":{"start":{"line":119,"column":65},"end":{"line":119,"column":73}},"33":{"start":{"line":121,"column":4},"end":{"line":143,"column":5}},"34":{"start":{"line":122,"column":39},"end":{"line":128,"column":7}},"35":{"start":{"line":130,"column":6},"end":{"line":132,"column":7}},"36":{"start":{"line":131,"column":8},"end":{"line":131,"column":29}},"37":{"start":{"line":133,"column":6},"end":{"line":133,"column":60}},"38":{"start":{"line":135,"column":6},"end":{"line":142,"column":7}},"39":{"start":{"line":137,"column":10},"end":{"line":137,"column":50}},"40":{"start":{"line":138,"column":10},"end":{"line":138,"column":16}},"41":{"start":{"line":140,"column":10},"end":{"line":140,"column":74}},"42":{"start":{"line":141,"column":10},"end":{"line":141,"column":16}},"43":{"start":{"line":147,"column":19},"end":{"line":147,"column":29}},"44":{"start":{"line":149,"column":4},"end":{"line":164,"column":5}},"45":{"start":{"line":150,"column":19},"end":{"line":150,"column":56}},"46":{"start":{"line":151,"column":6},"end":{"line":153,"column":7}},"47":{"start":{"line":152,"column":8},"end":{"line":152,"column":29}},"48":{"start":{"line":154,"column":6},"end":{"line":154,"column":54}},"49":{"start":{"line":156,"column":6},"end":{"line":163,"column":7}},"50":{"start":{"line":158,"column":10},"end":{"line":158,"column":50}},"51":{"start":{"line":159,"column":10},"end":{"line":159,"column":16}},"52":{"start":{"line":161,"column":10},"end":{"line":161,"column":44}},"53":{"start":{"line":162,"column":10},"end":{"line":162,"column":16}},"54":{"start":{"line":168,"column":0},"end":{"line":168,"column":23}}},"fnMap":{"0":{"name":"(anonymous_0)","decl":{"start":{"line":19,"column":2},"end":{"line":19,"column":3}},"loc":{"start":{"line":19,"column":36},"end":{"line":77,"column":3}},"line":19},"1":{"name":"(anonymous_1)","decl":{"start":{"line":79,"column":2},"end":{"line":79,"column":3}},"loc":{"start":{"line":79,"column":39},"end":{"line":102,"column":3}},"line":79},"2":{"name":"(anonymous_2)","decl":{"start":{"line":104,"column":2},"end":{"line":104,"column":3}},"loc":{"start":{"line":104,"column":36},"end":{"line":115,"column":3}},"line":104},"3":{"name":"(anonymous_3)","decl":{"start":{"line":117,"column":2},"end":{"line":117,"column":3}},"loc":{"start":{"line":117,"column":36},"end":{"line":144,"column":3}},"line":117},"4":{"name":"(anonymous_4)","decl":{"start":{"line":146,"column":2},"end":{"line":146,"column":3}},"loc":{"start":{"line":146,"column":36},"end":{"line":165,"column":3}},"line":146}},"branchMap":{"0":{"loc":{"start":{"line":21,"column":6},"end":{"line":21,"column":14}},"type":"default-arg","locations":[{"start":{"line":21,"column":13},"end":{"line":21,"column":14}}],"line":21},"1":{"loc":{"start":{"line":22,"column":6},"end":{"line":22,"column":19}},"type":"default-arg","locations":[{"start":{"line":22,"column":17},"end":{"line":22,"column":19}}],"line":22},"2":{"loc":{"start":{"line":26,"column":6},"end":{"line":26,"column":23}},"type":"default-arg","locations":[{"start":{"line":26,"column":18},"end":{"line":26,"column":23}}],"line":26},"3":{"loc":{"start":{"line":37,"column":10},"end":{"line":53,"column":15}},"type":"cond-expr","locations":[{"start":{"line":38,"column":14},"end":{"line":42,"column":15}},{"start":{"line":43,"column":14},"end":{"line":53,"column":15}}],"line":37},"4":{"loc":{"start":{"line":37,"column":10},"end":{"line":37,"column":30}},"type":"binary-expr","locations":[{"start":{"line":37,"column":10},"end":{"line":37,"column":18}},{"start":{"line":37,"column":22},"end":{"line":37,"column":30}}],"line":37},"5":{"loc":{"start":{"line":43,"column":14},"end":{"line":53,"column":15}},"type":"cond-expr","locations":[{"start":{"line":44,"column":14},"end":{"line":48,"column":15}},{"start":{"line":49,"column":14},"end":{"line":53,"column":15}}],"line":43},"6":{"loc":{"start":{"line":49,"column":14},"end":{"line":53,"column":15}},"type":"binary-expr","locations":[{"start":{"line":49,"column":14},"end":{"line":49,"column":22}},{"start":{"line":49,"column":26},"end":{"line":53,"column":15}}],"line":49},"7":{"loc":{"start":{"line":54,"column":12},"end":{"line":58,"column":11}},"type":"binary-expr","locations":[{"start":{"line":54,"column":12},"end":{"line":54,"column":16}},{"start":{"line":55,"column":10},"end":{"line":55,"column":18}},{"start":{"line":55,"column":22},"end":{"line":58,"column":11}}],"line":54},"8":{"loc":{"start":{"line":59,"column":12},"end":{"line":59,"column":56}},"type":"binary-expr","locations":[{"start":{"line":59,"column":12},"end":{"line":59,"column":19}},{"start":{"line":59,"column":23},"end":{"line":59,"column":56}}],"line":59},"9":{"loc":{"start":{"line":63,"column":6},"end":{"line":65,"column":7}},"type":"if","locations":[{"start":{"line":63,"column":6},"end":{"line":65,"column":7}},{"start":{},"end":{}}],"line":63},"10":{"loc":{"start":{"line":68,"column":6},"end":{"line":75,"column":7}},"type":"switch","locations":[{"start":{"line":69,"column":8},"end":{"line":71,"column":16}},{"start":{"line":72,"column":8},"end":{"line":74,"column":16}}],"line":68},"11":{"loc":{"start":{"line":88,"column":6},"end":{"line":90,"column":7}},"type":"if","locations":[{"start":{"line":88,"column":6},"end":{"line":90,"column":7}},{"start":{},"end":{}}],"line":88},"12":{"loc":{"start":{"line":93,"column":6},"end":{"line":100,"column":7}},"type":"switch","locations":[{"start":{"line":94,"column":8},"end":{"line":96,"column":16}},{"start":{"line":97,"column":8},"end":{"line":99,"column":16}}],"line":93},"13":{"loc":{"start":{"line":113,"column":25},"end":{"line":113,"column":68}},"type":"binary-expr","locations":[{"start":{"line":113,"column":25},"end":{"line":113,"column":51}},{"start":{"line":113,"column":55},"end":{"line":113,"column":68}}],"line":113},"14":{"loc":{"start":{"line":130,"column":6},"end":{"line":132,"column":7}},"type":"if","locations":[{"start":{"line":130,"column":6},"end":{"line":132,"column":7}},{"start":{},"end":{}}],"line":130},"15":{"loc":{"start":{"line":135,"column":6},"end":{"line":142,"column":7}},"type":"switch","locations":[{"start":{"line":136,"column":8},"end":{"line":138,"column":16}},{"start":{"line":139,"column":8},"end":{"line":141,"column":16}}],"line":135},"16":{"loc":{"start":{"line":140,"column":29},"end":{"line":140,"column":72}},"type":"binary-expr","locations":[{"start":{"line":140,"column":29},"end":{"line":140,"column":55}},{"start":{"line":140,"column":59},"end":{"line":140,"column":72}}],"line":140},"17":{"loc":{"start":{"line":151,"column":6},"end":{"line":153,"column":7}},"type":"if","locations":[{"start":{"line":151,"column":6},"end":{"line":153,"column":7}},{"start":{},"end":{}}],"line":151},"18":{"loc":{"start":{"line":156,"column":6},"end":{"line":163,"column":7}},"type":"switch","locations":[{"start":{"line":157,"column":8},"end":{"line":159,"column":16}},{"start":{"line":160,"column":8},"end":{"line":162,"column":16}}],"line":156}},"s":{"0":1,"1":1,"2":1,"3":1,"4":0,"5":0,"6":0,"7":0,"8":0,"9":0,"10":0,"11":0,"12":0,"13":0,"14":0,"15":0,"16":0,"17":0,"18":0,"19":0,"20":0,"21":0,"22":0,"23":0,"24":0,"25":0,"26":0,"27":0,"28":0,"29":0,"30":0,"31":0,"32":0,"33":0,"34":0,"35":0,"36":0,"37":0,"38":0,"39":0,"40":0,"41":0,"42":0,"43":0,"44":0,"45":0,"46":0,"47":0,"48":0,"49":0,"50":0,"51":0,"52":0,"53":0,"54":1},"f":{"0":0,"1":0,"2":0,"3":0,"4":0},"b":{"0":[0],"1":[0],"2":[0],"3":[0,0],"4":[0,0],"5":[0,0],"6":[0,0],"7":[0,0,0],"8":[0,0],"9":[0,0],"10":[0,0],"11":[0,0],"12":[0,0],"13":[0,0],"14":[0,0],"15":[0,0],"16":[0,0],"17":[0,0],"18":[0,0]},"_coverageSchema":"1a1c01bbd47fc00a2c39e90264f33305004495a9","hash":"69883146349c9e1e1ea094937c905d326bd909af"}
,"D:\\Binar-Academy\\BEJ\\platinum\\controller\\orderController.js": {"path":"D:\\Binar-Academy\\BEJ\\platinum\\controller\\orderController.js","statementMap":{"0":{"start":{"line":1,"column":35},"end":{"line":1,"column":55}},"1":{"start":{"line":6,"column":4},"end":{"line":6,"column":39}},"2":{"start":{"line":7,"column":13},"end":{"line":7,"column":38}},"3":{"start":{"line":10,"column":24},"end":{"line":21,"column":3}},"4":{"start":{"line":11,"column":4},"end":{"line":20,"column":5}},"5":{"start":{"line":12,"column":6},"end":{"line":12,"column":26}},"6":{"start":{"line":13,"column":19},"end":{"line":13,"column":40}},"7":{"start":{"line":14,"column":6},"end":{"line":16,"column":7}},"8":{"start":{"line":15,"column":8},"end":{"line":15,"column":55}},"9":{"start":{"line":17,"column":6},"end":{"line":17,"column":33}},"10":{"start":{"line":19,"column":6},"end":{"line":19,"column":40}},"11":{"start":{"line":23,"column":24},"end":{"line":35,"column":3}},"12":{"start":{"line":24,"column":4},"end":{"line":34,"column":5}},"13":{"start":{"line":25,"column":17},"end":{"line":25,"column":30}},"14":{"start":{"line":26,"column":19},"end":{"line":26,"column":43}},"15":{"start":{"line":28,"column":6},"end":{"line":30,"column":7}},"16":{"start":{"line":29,"column":8},"end":{"line":29,"column":56}},"17":{"start":{"line":31,"column":6},"end":{"line":31,"column":33}},"18":{"start":{"line":33,"column":6},"end":{"line":33,"column":40}},"19":{"start":{"line":37,"column":23},"end":{"line":68,"column":3}},"20":{"start":{"line":38,"column":36},"end":{"line":38,"column":44}},"21":{"start":{"line":39,"column":4},"end":{"line":67,"column":5}},"22":{"start":{"line":40,"column":6},"end":{"line":64,"column":9}},"23":{"start":{"line":41,"column":21},"end":{"line":41,"column":68}},"24":{"start":{"line":42,"column":8},"end":{"line":44,"column":9}},"25":{"start":{"line":43,"column":10},"end":{"line":43,"column":58}},"26":{"start":{"line":45,"column":21},"end":{"line":45,"column":78}},"27":{"start":{"line":46,"column":8},"end":{"line":48,"column":9}},"28":{"start":{"line":47,"column":10},"end":{"line":47,"column":69}},"29":{"start":{"line":49,"column":8},"end":{"line":63,"column":9}},"30":{"start":{"line":50,"column":23},"end":{"line":58,"column":11}},"31":{"start":{"line":59,"column":10},"end":{"line":59,"column":54}},"32":{"start":{"line":60,"column":10},"end":{"line":60,"column":80}},"33":{"start":{"line":62,"column":10},"end":{"line":62,"column":71}},"34":{"start":{"line":66,"column":6},"end":{"line":66,"column":40}},"35":{"start":{"line":70,"column":23},"end":{"line":94,"column":3}},"36":{"start":{"line":71,"column":15},"end":{"line":71,"column":28}},"37":{"start":{"line":72,"column":36},"end":{"line":72,"column":44}},"38":{"start":{"line":74,"column":4},"end":{"line":93,"column":5}},"39":{"start":{"line":75,"column":6},"end":{"line":90,"column":9}},"40":{"start":{"line":76,"column":21},"end":{"line":76,"column":45}},"41":{"start":{"line":78,"column":8},"end":{"line":80,"column":9}},"42":{"start":{"line":79,"column":10},"end":{"line":79,"column":49}},"43":{"start":{"line":81,"column":8},"end":{"line":89,"column":9}},"44":{"start":{"line":82,"column":10},"end":{"line":82,"column":58}},"45":{"start":{"line":84,"column":31},"end":{"line":87,"column":11}},"46":{"start":{"line":88,"column":10},"end":{"line":88,"column":62}},"47":{"start":{"line":92,"column":6},"end":{"line":92,"column":40}},"48":{"start":{"line":97,"column":0},"end":{"line":97,"column":28}}},"fnMap":{"0":{"name":"(anonymous_0)","decl":{"start":{"line":10,"column":24},"end":{"line":10,"column":25}},"loc":{"start":{"line":10,"column":44},"end":{"line":21,"column":3}},"line":10},"1":{"name":"(anonymous_1)","decl":{"start":{"line":23,"column":24},"end":{"line":23,"column":25}},"loc":{"start":{"line":23,"column":44},"end":{"line":35,"column":3}},"line":23},"2":{"name":"(anonymous_2)","decl":{"start":{"line":37,"column":23},"end":{"line":37,"column":24}},"loc":{"start":{"line":37,"column":43},"end":{"line":68,"column":3}},"line":37},"3":{"name":"(anonymous_3)","decl":{"start":{"line":40,"column":28},"end":{"line":40,"column":29}},"loc":{"start":{"line":40,"column":41},"end":{"line":64,"column":7}},"line":40},"4":{"name":"(anonymous_4)","decl":{"start":{"line":70,"column":23},"end":{"line":70,"column":24}},"loc":{"start":{"line":70,"column":43},"end":{"line":94,"column":3}},"line":70},"5":{"name":"(anonymous_5)","decl":{"start":{"line":75,"column":28},"end":{"line":75,"column":29}},"loc":{"start":{"line":75,"column":41},"end":{"line":90,"column":7}},"line":75}},"branchMap":{"0":{"loc":{"start":{"line":14,"column":6},"end":{"line":16,"column":7}},"type":"if","locations":[{"start":{"line":14,"column":6},"end":{"line":16,"column":7}},{"start":{},"end":{}}],"line":14},"1":{"loc":{"start":{"line":14,"column":10},"end":{"line":14,"column":36}},"type":"binary-expr","locations":[{"start":{"line":14,"column":10},"end":{"line":14,"column":15}},{"start":{"line":14,"column":19},"end":{"line":14,"column":36}}],"line":14},"2":{"loc":{"start":{"line":28,"column":6},"end":{"line":30,"column":7}},"type":"if","locations":[{"start":{"line":28,"column":6},"end":{"line":30,"column":7}},{"start":{},"end":{}}],"line":28},"3":{"loc":{"start":{"line":42,"column":8},"end":{"line":44,"column":9}},"type":"if","locations":[{"start":{"line":42,"column":8},"end":{"line":44,"column":9}},{"start":{},"end":{}}],"line":42},"4":{"loc":{"start":{"line":46,"column":8},"end":{"line":48,"column":9}},"type":"if","locations":[{"start":{"line":46,"column":8},"end":{"line":48,"column":9}},{"start":{},"end":{}}],"line":46},"5":{"loc":{"start":{"line":49,"column":8},"end":{"line":63,"column":9}},"type":"if","locations":[{"start":{"line":49,"column":8},"end":{"line":63,"column":9}},{"start":{"line":61,"column":15},"end":{"line":63,"column":9}}],"line":49},"6":{"loc":{"start":{"line":78,"column":8},"end":{"line":80,"column":9}},"type":"if","locations":[{"start":{"line":78,"column":8},"end":{"line":80,"column":9}},{"start":{},"end":{}}],"line":78},"7":{"loc":{"start":{"line":81,"column":8},"end":{"line":89,"column":9}},"type":"if","locations":[{"start":{"line":81,"column":8},"end":{"line":89,"column":9}},{"start":{"line":83,"column":15},"end":{"line":89,"column":9}}],"line":81}},"s":{"0":1,"1":1,"2":1,"3":1,"4":0,"5":0,"6":0,"7":0,"8":0,"9":0,"10":0,"11":1,"12":0,"13":0,"14":0,"15":0,"16":0,"17":0,"18":0,"19":1,"20":0,"21":0,"22":0,"23":0,"24":0,"25":0,"26":0,"27":0,"28":0,"29":0,"30":0,"31":0,"32":0,"33":0,"34":0,"35":1,"36":0,"37":0,"38":0,"39":0,"40":0,"41":0,"42":0,"43":0,"44":0,"45":0,"46":0,"47":0,"48":1},"f":{"0":0,"1":0,"2":0,"3":0,"4":0,"5":0},"b":{"0":[0,0],"1":[0,0],"2":[0,0],"3":[0,0],"4":[0,0],"5":[0,0],"6":[0,0],"7":[0,0]},"_coverageSchema":"1a1c01bbd47fc00a2c39e90264f33305004495a9","hash":"c3cc152dfcab4d1a5f2f6c8ede4c0b35511d30c5"}
,"D:\\Binar-Academy\\BEJ\\platinum\\controller\\uploadController.js": {"path":"D:\\Binar-Academy\\BEJ\\platinum\\controller\\uploadController.js","statementMap":{"0":{"start":{"line":4,"column":4},"end":{"line":4,"column":32}},"1":{"start":{"line":10,"column":4},"end":{"line":10,"column":39}},"2":{"start":{"line":11,"column":11},"end":{"line":11,"column":24}},"3":{"start":{"line":12,"column":15},"end":{"line":12,"column":42}},"4":{"start":{"line":16,"column":21},"end":{"line":16,"column":24}},"5":{"start":{"line":17,"column":15},"end":{"line":17,"column":19}},"6":{"start":{"line":19,"column":4},"end":{"line":34,"column":5}},"7":{"start":{"line":20,"column":6},"end":{"line":20,"column":28}},"8":{"start":{"line":21,"column":25},"end":{"line":21,"column":62}},"9":{"start":{"line":22,"column":6},"end":{"line":22,"column":26}},"10":{"start":{"line":24,"column":6},"end":{"line":29,"column":9}},"11":{"start":{"line":25,"column":8},"end":{"line":28,"column":9}},"12":{"start":{"line":26,"column":10},"end":{"line":26,"column":36}},"13":{"start":{"line":27,"column":10},"end":{"line":27,"column":55}},"14":{"start":{"line":32,"column":6},"end":{"line":32,"column":33}},"15":{"start":{"line":33,"column":6},"end":{"line":33,"column":47}},"16":{"start":{"line":36,"column":4},"end":{"line":36,"column":22}},"17":{"start":{"line":37,"column":4},"end":{"line":37,"column":50}},"18":{"start":{"line":41,"column":21},"end":{"line":41,"column":24}},"19":{"start":{"line":42,"column":17},"end":{"line":42,"column":19}},"20":{"start":{"line":43,"column":18},"end":{"line":43,"column":27}},"21":{"start":{"line":45,"column":4},"end":{"line":64,"column":5}},"22":{"start":{"line":45,"column":17},"end":{"line":45,"column":18}},"23":{"start":{"line":46,"column":6},"end":{"line":63,"column":7}},"24":{"start":{"line":48,"column":8},"end":{"line":48,"column":65}},"25":{"start":{"line":49,"column":8},"end":{"line":49,"column":34}},"26":{"start":{"line":51,"column":8},"end":{"line":51,"column":36}},"27":{"start":{"line":52,"column":8},"end":{"line":62,"column":9}},"28":{"start":{"line":53,"column":30},"end":{"line":53,"column":32}},"29":{"start":{"line":54,"column":10},"end":{"line":56,"column":11}},"30":{"start":{"line":54,"column":23},"end":{"line":54,"column":24}},"31":{"start":{"line":55,"column":12},"end":{"line":55,"column":52}},"32":{"start":{"line":58,"column":10},"end":{"line":58,"column":50}},"33":{"start":{"line":59,"column":10},"end":{"line":59,"column":24}},"34":{"start":{"line":60,"column":10},"end":{"line":60,"column":44}},"35":{"start":{"line":61,"column":10},"end":{"line":61,"column":27}},"36":{"start":{"line":66,"column":4},"end":{"line":72,"column":5}},"37":{"start":{"line":66,"column":17},"end":{"line":66,"column":18}},"38":{"start":{"line":67,"column":6},"end":{"line":71,"column":9}},"39":{"start":{"line":68,"column":8},"end":{"line":70,"column":9}},"40":{"start":{"line":69,"column":10},"end":{"line":69,"column":36}},"41":{"start":{"line":74,"column":4},"end":{"line":74,"column":52}},"42":{"start":{"line":75,"column":4},"end":{"line":75,"column":75}},"43":{"start":{"line":79,"column":0},"end":{"line":79,"column":28}}},"fnMap":{"0":{"name":"(anonymous_0)","decl":{"start":{"line":15,"column":2},"end":{"line":15,"column":3}},"loc":{"start":{"line":15,"column":36},"end":{"line":38,"column":3}},"line":15},"1":{"name":"(anonymous_1)","decl":{"start":{"line":24,"column":31},"end":{"line":24,"column":32}},"loc":{"start":{"line":24,"column":40},"end":{"line":29,"column":7}},"line":24},"2":{"name":"(anonymous_2)","decl":{"start":{"line":40,"column":2},"end":{"line":40,"column":3}},"loc":{"start":{"line":40,"column":45},"end":{"line":76,"column":3}},"line":40},"3":{"name":"(anonymous_3)","decl":{"start":{"line":67,"column":35},"end":{"line":67,"column":36}},"loc":{"start":{"line":67,"column":44},"end":{"line":71,"column":7}},"line":67}},"branchMap":{"0":{"loc":{"start":{"line":25,"column":8},"end":{"line":28,"column":9}},"type":"if","locations":[{"start":{"line":25,"column":8},"end":{"line":28,"column":9}},{"start":{},"end":{}}],"line":25},"1":{"loc":{"start":{"line":52,"column":8},"end":{"line":62,"column":9}},"type":"if","locations":[{"start":{"line":52,"column":8},"end":{"line":62,"column":9}},{"start":{},"end":{}}],"line":52},"2":{"loc":{"start":{"line":68,"column":8},"end":{"line":70,"column":9}},"type":"if","locations":[{"start":{"line":68,"column":8},"end":{"line":70,"column":9}},{"start":{},"end":{}}],"line":68}},"s":{"0":1,"1":1,"2":1,"3":1,"4":0,"5":0,"6":0,"7":0,"8":0,"9":0,"10":0,"11":0,"12":0,"13":0,"14":0,"15":0,"16":0,"17":0,"18":0,"19":0,"20":0,"21":0,"22":0,"23":0,"24":0,"25":0,"26":0,"27":0,"28":0,"29":0,"30":0,"31":0,"32":0,"33":0,"34":0,"35":0,"36":0,"37":0,"38":0,"39":0,"40":0,"41":0,"42":0,"43":1},"f":{"0":0,"1":0,"2":0,"3":0},"b":{"0":[0,0],"1":[0,0],"2":[0,0]},"_coverageSchema":"1a1c01bbd47fc00a2c39e90264f33305004495a9","hash":"64b1874738a4febfdb118f5b3a06cb9b0bb22fe8"}
,"D:\\Binar-Academy\\BEJ\\platinum\\helper\\customError.js": {"path":"D:\\Binar-Academy\\BEJ\\platinum\\helper\\customError.js","statementMap":{"0":{"start":{"line":3,"column":4},"end":{"line":3,"column":19}},"1":{"start":{"line":4,"column":4},"end":{"line":4,"column":32}},"2":{"start":{"line":9,"column":0},"end":{"line":9,"column":35}}},"fnMap":{"0":{"name":"(anonymous_0)","decl":{"start":{"line":2,"column":2},"end":{"line":2,"column":3}},"loc":{"start":{"line":2,"column":23},"end":{"line":6,"column":3}},"line":2}},"branchMap":{},"s":{"0":0,"1":0,"2":1},"f":{"0":0},"b":{},"_coverageSchema":"1a1c01bbd47fc00a2c39e90264f33305004495a9","hash":"dd0507587db80a68cd68e560c0f4f616c172febf"}
,"D:\\Binar-Academy\\BEJ\\platinum\\helper\\formatResponse.js": {"path":"D:\\Binar-Academy\\BEJ\\platinum\\helper\\formatResponse.js","statementMap":{"0":{"start":{"line":9,"column":2},"end":{"line":13,"column":5}},"1":{"start":{"line":21,"column":2},"end":{"line":25,"column":5}},"2":{"start":{"line":29,"column":2},"end":{"line":32,"column":5}},"3":{"start":{"line":36,"column":2},"end":{"line":39,"column":5}},"4":{"start":{"line":43,"column":2},"end":{"line":46,"column":5}},"5":{"start":{"line":49,"column":0},"end":{"line":55,"column":2}}},"fnMap":{"0":{"name":"successResponse","decl":{"start":{"line":3,"column":9},"end":{"line":3,"column":24}},"loc":{"start":{"line":8,"column":2},"end":{"line":14,"column":1}},"line":8},"1":{"name":"errorResponse","decl":{"start":{"line":16,"column":9},"end":{"line":16,"column":22}},"loc":{"start":{"line":20,"column":2},"end":{"line":26,"column":1}},"line":20},"2":{"name":"notfoundResponse","decl":{"start":{"line":28,"column":9},"end":{"line":28,"column":25}},"loc":{"start":{"line":28,"column":40},"end":{"line":33,"column":1}},"line":28},"3":{"name":"serverErrorResponse","decl":{"start":{"line":35,"column":9},"end":{"line":35,"column":28}},"loc":{"start":{"line":35,"column":69},"end":{"line":40,"column":1}},"line":35},"4":{"name":"unauthorizedResponse","decl":{"start":{"line":42,"column":9},"end":{"line":42,"column":29}},"loc":{"start":{"line":42,"column":76},"end":{"line":47,"column":1}},"line":42}},"branchMap":{"0":{"loc":{"start":{"line":7,"column":2},"end":{"line":7,"column":50}},"type":"default-arg","locations":[{"start":{"line":7,"column":12},"end":{"line":7,"column":50}}],"line":7},"1":{"loc":{"start":{"line":19,"column":2},"end":{"line":19,"column":50}},"type":"default-arg","locations":[{"start":{"line":19,"column":12},"end":{"line":19,"column":50}}],"line":19},"2":{"loc":{"start":{"line":35,"column":34},"end":{"line":35,"column":67}},"type":"default-arg","locations":[{"start":{"line":35,"column":44},"end":{"line":35,"column":67}}],"line":35},"3":{"loc":{"start":{"line":42,"column":35},"end":{"line":42,"column":74}},"type":"default-arg","locations":[{"start":{"line":42,"column":45},"end":{"line":42,"column":74}}],"line":42}},"s":{"0":0,"1":0,"2":0,"3":0,"4":0,"5":1},"f":{"0":0,"1":0,"2":0,"3":0,"4":0},"b":{"0":[0],"1":[0],"2":[0],"3":[0]},"_coverageSchema":"1a1c01bbd47fc00a2c39e90264f33305004495a9","hash":"fd7c255e6a840a947d0a558c8c72202b8f5bd8fb"}
,"D:\\Binar-Academy\\BEJ\\platinum\\helper\\logger.js": {"path":"D:\\Binar-Academy\\BEJ\\platinum\\helper\\logger.js","statementMap":{"0":{"start":{"line":1,"column":16},"end":{"line":1,"column":34}},"1":{"start":{"line":2,"column":24},"end":{"line":2,"column":60}},"2":{"start":{"line":4,"column":15},"end":{"line":36,"column":2}},"3":{"start":{"line":38,"column":0},"end":{"line":38,"column":24}}},"fnMap":{},"branchMap":{},"s":{"0":1,"1":1,"2":1,"3":1},"f":{},"b":{},"_coverageSchema":"1a1c01bbd47fc00a2c39e90264f33305004495a9","hash":"772a2203449ddee995831e6bded7406337d10b7a"}
,"D:\\Binar-Academy\\BEJ\\platinum\\lib\\cloudinary.js": {"path":"D:\\Binar-Academy\\BEJ\\platinum\\lib\\cloudinary.js","statementMap":{"0":{"start":{"line":1,"column":19},"end":{"line":1,"column":43}},"1":{"start":{"line":3,"column":0},"end":{"line":7,"column":3}},"2":{"start":{"line":10,"column":2},"end":{"line":17,"column":3}},"3":{"start":{"line":11,"column":17},"end":{"line":13,"column":6}},"4":{"start":{"line":14,"column":4},"end":{"line":14,"column":18}},"5":{"start":{"line":16,"column":4},"end":{"line":16,"column":16}},"6":{"start":{"line":21,"column":2},"end":{"line":25,"column":3}},"7":{"start":{"line":22,"column":4},"end":{"line":22,"column":57}},"8":{"start":{"line":24,"column":4},"end":{"line":24,"column":23}},"9":{"start":{"line":28,"column":0},"end":{"line":28,"column":64}}},"fnMap":{"0":{"name":"uploadCloudinary","decl":{"start":{"line":9,"column":15},"end":{"line":9,"column":31}},"loc":{"start":{"line":9,"column":42},"end":{"line":18,"column":1}},"line":9},"1":{"name":"rollbackUploadCloudinary","decl":{"start":{"line":20,"column":15},"end":{"line":20,"column":39}},"loc":{"start":{"line":20,"column":55},"end":{"line":26,"column":1}},"line":20}},"branchMap":{},"s":{"0":1,"1":1,"2":0,"3":0,"4":0,"5":0,"6":0,"7":0,"8":0,"9":1},"f":{"0":0,"1":0},"b":{},"_coverageSchema":"1a1c01bbd47fc00a2c39e90264f33305004495a9","hash":"dd00232b94d4a4f9a3782b4f95d38e5d0abf6aa4"}
,"D:\\Binar-Academy\\BEJ\\platinum\\lib\\jwt.js": {"path":"D:\\Binar-Academy\\BEJ\\platinum\\lib\\jwt.js","statementMap":{"0":{"start":{"line":1,"column":12},"end":{"line":1,"column":35}},"1":{"start":{"line":4,"column":2},"end":{"line":4,"column":72}},"2":{"start":{"line":8,"column":2},"end":{"line":12,"column":3}},"3":{"start":{"line":9,"column":4},"end":{"line":9,"column":53}},"4":{"start":{"line":11,"column":4},"end":{"line":11,"column":15}},"5":{"start":{"line":15,"column":0},"end":{"line":15,"column":34}}},"fnMap":{"0":{"name":"sign","decl":{"start":{"line":3,"column":9},"end":{"line":3,"column":13}},"loc":{"start":{"line":3,"column":23},"end":{"line":5,"column":1}},"line":3},"1":{"name":"verify","decl":{"start":{"line":7,"column":9},"end":{"line":7,"column":15}},"loc":{"start":{"line":7,"column":23},"end":{"line":13,"column":1}},"line":7}},"branchMap":{},"s":{"0":1,"1":0,"2":0,"3":0,"4":0,"5":1},"f":{"0":0,"1":0},"b":{},"_coverageSchema":"1a1c01bbd47fc00a2c39e90264f33305004495a9","hash":"d46a6de2e1c5810297a9c1c5990af6eb627c0083"}
,"D:\\Binar-Academy\\BEJ\\platinum\\middleware\\authMiddleware.js": {"path":"D:\\Binar-Academy\\BEJ\\platinum\\middleware\\authMiddleware.js","statementMap":{"0":{"start":{"line":1,"column":33},"end":{"line":1,"column":68}},"1":{"start":{"line":2,"column":19},"end":{"line":2,"column":40}},"2":{"start":{"line":5,"column":18},"end":{"line":5,"column":58}},"3":{"start":{"line":6,"column":21},"end":{"line":6,"column":34}},"4":{"start":{"line":7,"column":4},"end":{"line":15,"column":5}},"5":{"start":{"line":8,"column":8},"end":{"line":12,"column":9}},"6":{"start":{"line":9,"column":12},"end":{"line":9,"column":18}},"7":{"start":{"line":11,"column":12},"end":{"line":11,"column":37}},"8":{"start":{"line":14,"column":8},"end":{"line":14,"column":33}},"9":{"start":{"line":18,"column":0},"end":{"line":18,"column":31}}},"fnMap":{"0":{"name":"authMiddleware","decl":{"start":{"line":4,"column":9},"end":{"line":4,"column":23}},"loc":{"start":{"line":4,"column":40},"end":{"line":16,"column":1}},"line":4}},"branchMap":{"0":{"loc":{"start":{"line":7,"column":4},"end":{"line":15,"column":5}},"type":"if","locations":[{"start":{"line":7,"column":4},"end":{"line":15,"column":5}},{"start":{"line":13,"column":11},"end":{"line":15,"column":5}}],"line":7},"1":{"loc":{"start":{"line":7,"column":8},"end":{"line":7,"column":54}},"type":"binary-expr","locations":[{"start":{"line":7,"column":8},"end":{"line":7,"column":16}},{"start":{"line":7,"column":21},"end":{"line":7,"column":53}}],"line":7},"2":{"loc":{"start":{"line":8,"column":8},"end":{"line":12,"column":9}},"type":"if","locations":[{"start":{"line":8,"column":8},"end":{"line":12,"column":9}},{"start":{"line":10,"column":15},"end":{"line":12,"column":9}}],"line":8}},"s":{"0":1,"1":1,"2":0,"3":0,"4":0,"5":0,"6":0,"7":0,"8":0,"9":1},"f":{"0":0},"b":{"0":[0,0],"1":[0,0],"2":[0,0]},"_coverageSchema":"1a1c01bbd47fc00a2c39e90264f33305004495a9","hash":"97bb72654e01234e0b0ae593d2982065ef6c7c99"}
,"D:\\Binar-Academy\\BEJ\\platinum\\middleware\\methodProhibited.js": {"path":"D:\\Binar-Academy\\BEJ\\platinum\\middleware\\methodProhibited.js","statementMap":{"0":{"start":{"line":2,"column":2},"end":{"line":5,"column":5}},"1":{"start":{"line":8,"column":0},"end":{"line":8,"column":38}}},"fnMap":{"0":{"name":"methodNotAllowed","decl":{"start":{"line":1,"column":9},"end":{"line":1,"column":25}},"loc":{"start":{"line":1,"column":42},"end":{"line":6,"column":1}},"line":1}},"branchMap":{},"s":{"0":0,"1":1},"f":{"0":0},"b":{},"_coverageSchema":"1a1c01bbd47fc00a2c39e90264f33305004495a9","hash":"cca7bde7c3da90adbd2a2c83c4029bf9ce187593"}
,"D:\\Binar-Academy\\BEJ\\platinum\\middleware\\passport.js": {"path":"D:\\Binar-Academy\\BEJ\\platinum\\middleware\\passport.js","statementMap":{"0":{"start":{"line":1,"column":17},"end":{"line":1,"column":36}},"1":{"start":{"line":2,"column":46},"end":{"line":2,"column":69}},"2":{"start":{"line":4,"column":15},"end":{"line":7,"column":1}},"3":{"start":{"line":10,"column":2},"end":{"line":14,"column":3}},"4":{"start":{"line":11,"column":4},"end":{"line":11,"column":37}},"5":{"start":{"line":13,"column":4},"end":{"line":13,"column":24}},"6":{"start":{"line":17,"column":0},"end":{"line":17,"column":46}},"7":{"start":{"line":19,"column":0},"end":{"line":19,"column":26}}},"fnMap":{"0":{"name":"decode","decl":{"start":{"line":9,"column":9},"end":{"line":9,"column":15}},"loc":{"start":{"line":9,"column":31},"end":{"line":15,"column":1}},"line":9}},"branchMap":{"0":{"loc":{"start":{"line":10,"column":2},"end":{"line":14,"column":3}},"type":"if","locations":[{"start":{"line":10,"column":2},"end":{"line":14,"column":3}},{"start":{"line":12,"column":9},"end":{"line":14,"column":3}}],"line":10}},"s":{"0":1,"1":1,"2":1,"3":0,"4":0,"5":0,"6":1,"7":1},"f":{"0":0},"b":{"0":[0,0]},"_coverageSchema":"1a1c01bbd47fc00a2c39e90264f33305004495a9","hash":"78659fe7a00e1d81f2adf50b569cebf9c02466fe"}
,"D:\\Binar-Academy\\BEJ\\platinum\\models\\index.js": {"path":"D:\\Binar-Academy\\BEJ\\platinum\\models\\index.js","statementMap":{"0":{"start":{"line":3,"column":11},"end":{"line":3,"column":24}},"1":{"start":{"line":4,"column":13},"end":{"line":4,"column":28}},"2":{"start":{"line":5,"column":18},"end":{"line":5,"column":38}},"3":{"start":{"line":6,"column":16},"end":{"line":6,"column":34}},"4":{"start":{"line":7,"column":17},"end":{"line":7,"column":42}},"5":{"start":{"line":8,"column":12},"end":{"line":8,"column":49}},"6":{"start":{"line":9,"column":15},"end":{"line":9,"column":65}},"7":{"start":{"line":10,"column":11},"end":{"line":10,"column":13}},"8":{"start":{"line":13,"column":0},"end":{"line":22,"column":1}},"9":{"start":{"line":14,"column":2},"end":{"line":14,"column":74}},"10":{"start":{"line":16,"column":2},"end":{"line":21,"column":4}},"11":{"start":{"line":24,"column":0},"end":{"line":39,"column":5}},"12":{"start":{"line":26,"column":4},"end":{"line":31,"column":6}},"13":{"start":{"line":34,"column":18},"end":{"line":37,"column":5}},"14":{"start":{"line":38,"column":4},"end":{"line":38,"column":27}},"15":{"start":{"line":41,"column":0},"end":{"line":45,"column":3}},"16":{"start":{"line":42,"column":2},"end":{"line":44,"column":3}},"17":{"start":{"line":43,"column":4},"end":{"line":43,"column":32}},"18":{"start":{"line":47,"column":0},"end":{"line":47,"column":25}},"19":{"start":{"line":48,"column":0},"end":{"line":48,"column":25}},"20":{"start":{"line":50,"column":0},"end":{"line":50,"column":20}}},"fnMap":{"0":{"name":"(anonymous_0)","decl":{"start":{"line":25,"column":10},"end":{"line":25,"column":11}},"loc":{"start":{"line":25,"column":20},"end":{"line":32,"column":3}},"line":25},"1":{"name":"(anonymous_1)","decl":{"start":{"line":33,"column":11},"end":{"line":33,"column":12}},"loc":{"start":{"line":33,"column":21},"end":{"line":39,"column":3}},"line":33},"2":{"name":"(anonymous_2)","decl":{"start":{"line":41,"column":24},"end":{"line":41,"column":25}},"loc":{"start":{"line":41,"column":39},"end":{"line":45,"column":1}},"line":41}},"branchMap":{"0":{"loc":{"start":{"line":8,"column":12},"end":{"line":8,"column":49}},"type":"binary-expr","locations":[{"start":{"line":8,"column":12},"end":{"line":8,"column":32}},{"start":{"line":8,"column":36},"end":{"line":8,"column":49}}],"line":8},"1":{"loc":{"start":{"line":13,"column":0},"end":{"line":22,"column":1}},"type":"if","locations":[{"start":{"line":13,"column":0},"end":{"line":22,"column":1}},{"start":{"line":15,"column":7},"end":{"line":22,"column":1}}],"line":13},"2":{"loc":{"start":{"line":27,"column":6},"end":{"line":30,"column":37}},"type":"binary-expr","locations":[{"start":{"line":27,"column":6},"end":{"line":27,"column":29}},{"start":{"line":28,"column":6},"end":{"line":28,"column":23}},{"start":{"line":29,"column":6},"end":{"line":29,"column":30}},{"start":{"line":30,"column":6},"end":{"line":30,"column":37}}],"line":27},"3":{"loc":{"start":{"line":42,"column":2},"end":{"line":44,"column":3}},"type":"if","locations":[{"start":{"line":42,"column":2},"end":{"line":44,"column":3}},{"start":{},"end":{}}],"line":42}},"s":{"0":1,"1":1,"2":1,"3":1,"4":1,"5":1,"6":1,"7":1,"8":1,"9":0,"10":1,"11":1,"12":4,"13":3,"14":3,"15":1,"16":3,"17":3,"18":1,"19":1,"20":1},"f":{"0":4,"1":3,"2":3},"b":{"0":[1,0],"1":[0,1],"2":[4,4,3,3],"3":[3,0]},"_coverageSchema":"1a1c01bbd47fc00a2c39e90264f33305004495a9","hash":"6628de21af127392a832606ee8aab01be28652d2"}
,"D:\\Binar-Academy\\BEJ\\platinum\\models\\item.js": {"path":"D:\\Binar-Academy\\BEJ\\platinum\\models\\item.js","statementMap":{"0":{"start":{"line":2,"column":18},"end":{"line":2,"column":38}},"1":{"start":{"line":3,"column":0},"end":{"line":105,"column":2}},"2":{"start":{"line":11,"column":6},"end":{"line":11,"column":59}},"3":{"start":{"line":14,"column":2},"end":{"line":103,"column":4}},"4":{"start":{"line":104,"column":2},"end":{"line":104,"column":14}}},"fnMap":{"0":{"name":"(anonymous_0)","decl":{"start":{"line":3,"column":17},"end":{"line":3,"column":18}},"loc":{"start":{"line":3,"column":43},"end":{"line":105,"column":1}},"line":3},"1":{"name":"(anonymous_1)","decl":{"start":{"line":10,"column":4},"end":{"line":10,"column":5}},"loc":{"start":{"line":10,"column":29},"end":{"line":12,"column":5}},"line":10}},"branchMap":{},"s":{"0":1,"1":1,"2":1,"3":1,"4":1},"f":{"0":1,"1":1},"b":{},"_coverageSchema":"1a1c01bbd47fc00a2c39e90264f33305004495a9","hash":"334763303a6296b45b15b031e27dd2666938f933"}
,"D:\\Binar-Academy\\BEJ\\platinum\\models\\order.js": {"path":"D:\\Binar-Academy\\BEJ\\platinum\\models\\order.js","statementMap":{"0":{"start":{"line":2,"column":18},"end":{"line":2,"column":38}},"1":{"start":{"line":4,"column":0},"end":{"line":86,"column":2}},"2":{"start":{"line":12,"column":6},"end":{"line":12,"column":61}},"3":{"start":{"line":13,"column":6},"end":{"line":13,"column":61}},"4":{"start":{"line":16,"column":2},"end":{"line":84,"column":4}},"5":{"start":{"line":85,"column":2},"end":{"line":85,"column":15}}},"fnMap":{"0":{"name":"(anonymous_0)","decl":{"start":{"line":4,"column":17},"end":{"line":4,"column":18}},"loc":{"start":{"line":4,"column":43},"end":{"line":86,"column":1}},"line":4},"1":{"name":"(anonymous_1)","decl":{"start":{"line":11,"column":4},"end":{"line":11,"column":5}},"loc":{"start":{"line":11,"column":29},"end":{"line":14,"column":5}},"line":11}},"branchMap":{},"s":{"0":1,"1":1,"2":1,"3":1,"4":1,"5":1},"f":{"0":1,"1":1},"b":{},"_coverageSchema":"1a1c01bbd47fc00a2c39e90264f33305004495a9","hash":"ca2dc0c1817d7e111bcc35c9e26bff105d99afc1"}
,"D:\\Binar-Academy\\BEJ\\platinum\\models\\user.js": {"path":"D:\\Binar-Academy\\BEJ\\platinum\\models\\user.js","statementMap":{"0":{"start":{"line":2,"column":18},"end":{"line":2,"column":38}},"1":{"start":{"line":4,"column":15},"end":{"line":4,"column":32}},"2":{"start":{"line":6,"column":0},"end":{"line":146,"column":2}},"3":{"start":{"line":14,"column":6},"end":{"line":14,"column":59}},"4":{"start":{"line":17,"column":2},"end":{"line":135,"column":4}},"5":{"start":{"line":137,"column":2},"end":{"line":139,"column":5}},"6":{"start":{"line":138,"column":4},"end":{"line":138,"column":77}},"7":{"start":{"line":141,"column":2},"end":{"line":143,"column":4}},"8":{"start":{"line":142,"column":4},"end":{"line":142,"column":51}},"9":{"start":{"line":145,"column":2},"end":{"line":145,"column":14}}},"fnMap":{"0":{"name":"(anonymous_0)","decl":{"start":{"line":6,"column":17},"end":{"line":6,"column":18}},"loc":{"start":{"line":6,"column":43},"end":{"line":146,"column":1}},"line":6},"1":{"name":"(anonymous_1)","decl":{"start":{"line":13,"column":4},"end":{"line":13,"column":5}},"loc":{"start":{"line":13,"column":29},"end":{"line":15,"column":5}},"line":13},"2":{"name":"(anonymous_2)","decl":{"start":{"line":137,"column":31},"end":{"line":137,"column":32}},"loc":{"start":{"line":137,"column":47},"end":{"line":139,"column":3}},"line":137},"3":{"name":"(anonymous_3)","decl":{"start":{"line":141,"column":35},"end":{"line":141,"column":36}},"loc":{"start":{"line":141,"column":70},"end":{"line":143,"column":3}},"line":141}},"branchMap":{},"s":{"0":1,"1":1,"2":1,"3":1,"4":1,"5":1,"6":0,"7":1,"8":0,"9":1},"f":{"0":1,"1":1,"2":0,"3":0},"b":{},"_coverageSchema":"1a1c01bbd47fc00a2c39e90264f33305004495a9","hash":"a81c85283319f7b21e95ca5ce8e8f163517fb173"}
,"D:\\Binar-Academy\\BEJ\\platinum\\router\\authRouter.js": {"path":"D:\\Binar-Academy\\BEJ\\platinum\\router\\authRouter.js","statementMap":{"0":{"start":{"line":1,"column":15},"end":{"line":1,"column":42}},"1":{"start":{"line":2,"column":21},"end":{"line":2,"column":60}},"2":{"start":{"line":3,"column":29},"end":{"line":3,"column":70}},"3":{"start":{"line":5,"column":0},"end":{"line":5,"column":72}},"4":{"start":{"line":7,"column":0},"end":{"line":7,"column":66}},"5":{"start":{"line":9,"column":0},"end":{"line":9,"column":68}},"6":{"start":{"line":11,"column":0},"end":{"line":11,"column":24}}},"fnMap":{},"branchMap":{},"s":{"0":1,"1":1,"2":1,"3":1,"4":1,"5":1,"6":1},"f":{},"b":{},"_coverageSchema":"1a1c01bbd47fc00a2c39e90264f33305004495a9","hash":"8821e848346cd1f83511fa28c31456e3c0440528"}
,"D:\\Binar-Academy\\BEJ\\platinum\\router\\index.js": {"path":"D:\\Binar-Academy\\BEJ\\platinum\\router\\index.js","statementMap":{"0":{"start":{"line":1,"column":16},"end":{"line":1,"column":34}},"1":{"start":{"line":2,"column":15},"end":{"line":2,"column":31}},"2":{"start":{"line":3,"column":19},"end":{"line":3,"column":42}},"3":{"start":{"line":4,"column":19},"end":{"line":4,"column":42}},"4":{"start":{"line":5,"column":20},"end":{"line":5,"column":44}},"5":{"start":{"line":6,"column":19},"end":{"line":6,"column":42}},"6":{"start":{"line":9,"column":0},"end":{"line":9,"column":32}},"7":{"start":{"line":10,"column":0},"end":{"line":10,"column":33}},"8":{"start":{"line":11,"column":0},"end":{"line":11,"column":33}},"9":{"start":{"line":12,"column":0},"end":{"line":12,"column":35}},"10":{"start":{"line":15,"column":0},"end":{"line":15,"column":24}}},"fnMap":{},"branchMap":{},"s":{"0":1,"1":1,"2":1,"3":1,"4":1,"5":1,"6":1,"7":1,"8":1,"9":1,"10":1},"f":{},"b":{},"_coverageSchema":"1a1c01bbd47fc00a2c39e90264f33305004495a9","hash":"4a259be01c4d241f4368d2716ac885afab30f1f1"}
,"D:\\Binar-Academy\\BEJ\\platinum\\router\\itemRouter.js": {"path":"D:\\Binar-Academy\\BEJ\\platinum\\router\\itemRouter.js","statementMap":{"0":{"start":{"line":1,"column":15},"end":{"line":1,"column":42}},"1":{"start":{"line":2,"column":14},"end":{"line":2,"column":53}},"2":{"start":{"line":3,"column":23},"end":{"line":3,"column":62}},"3":{"start":{"line":4,"column":29},"end":{"line":4,"column":70}},"4":{"start":{"line":6,"column":0},"end":{"line":10,"column":25}},"5":{"start":{"line":11,"column":0},"end":{"line":16,"column":25}},"6":{"start":{"line":18,"column":0},"end":{"line":18,"column":24}}},"fnMap":{},"branchMap":{},"s":{"0":1,"1":1,"2":1,"3":1,"4":1,"5":1,"6":1},"f":{},"b":{},"_coverageSchema":"1a1c01bbd47fc00a2c39e90264f33305004495a9","hash":"12a849f7e1db4a098c9301dd0cedf09439535221"}
,"D:\\Binar-Academy\\BEJ\\platinum\\router\\orderRouter.js": {"path":"D:\\Binar-Academy\\BEJ\\platinum\\router\\orderRouter.js","statementMap":{"0":{"start":{"line":1,"column":15},"end":{"line":1,"column":42}},"1":{"start":{"line":3,"column":29},"end":{"line":3,"column":70}},"2":{"start":{"line":4,"column":19},"end":{"line":4,"column":59}},"3":{"start":{"line":5,"column":0},"end":{"line":9,"column":25}},"4":{"start":{"line":10,"column":0},"end":{"line":14,"column":25}},"5":{"start":{"line":16,"column":0},"end":{"line":16,"column":24}}},"fnMap":{},"branchMap":{},"s":{"0":1,"1":1,"2":1,"3":1,"4":1,"5":1},"f":{},"b":{},"_coverageSchema":"1a1c01bbd47fc00a2c39e90264f33305004495a9","hash":"8d96895fb92727b0ac0f4c457a4b45b0c38d170b"}
,"D:\\Binar-Academy\\BEJ\\platinum\\router\\userRouter.js": {"path":"D:\\Binar-Academy\\BEJ\\platinum\\router\\userRouter.js","statementMap":{"0":{"start":{"line":1,"column":15},"end":{"line":1,"column":42}},"1":{"start":{"line":2,"column":29},"end":{"line":2,"column":70}},"2":{"start":{"line":4,"column":0},"end":{"line":4,"column":46}},"3":{"start":{"line":5,"column":0},"end":{"line":5,"column":58}},"4":{"start":{"line":7,"column":0},"end":{"line":7,"column":24}}},"fnMap":{},"branchMap":{},"s":{"0":1,"1":1,"2":1,"3":1,"4":1},"f":{},"b":{},"_coverageSchema":"1a1c01bbd47fc00a2c39e90264f33305004495a9","hash":"4fa3c793548c914f4e1dc8e122ff0043f7000b63"}
}
